Operating system: Microsoft Windows NT 6.2.9200.0
Opening INI file "C:\Users\cgtea\Documents\Sonic\S1Fixed\SonPLN.ini"...
Game type is S1.
Loading S2 Level Select Menu - Normal...
Loading plane mappings from file "tilemaps/S2 Level Select.eni", using compression Enigma...
Loading palette file "palette/Level Select (S2).bin"...
Source: 0 Destination: 0 Length: 64
Loading dummy tile data.
Loading 8x8 tiles from file "artnem/S2 Level Select Font.nem", using compression Nemesis...
Load completed.
Opening INI file "C:\Users\cgtea\Documents\Sonic\S1Fixed\SonPLN.ini"...
Game type is S1.
Loading S2 Level Select Menu - Normal...
Loading dummy tile data.
Loading palette file "palette/Level Select (S2).bin"...
Source: 0 Destination: 0 Length: 64
Loading 8x8 tiles from file "artnem/S2 Level Select Font.nem", using compression Nemesis...
Loading plane mappings from file "tilemaps/S2 Level Select.eni", using compression Enigma...
Load completed.
Opening INI file "C:\Users\cgtea\Documents\Sonic\S1Fixed\SonPLN.ini"...
Game type is S1.
Loading S2 Level Select Menu - Normal...
Loading dummy tile data.
Loading 8x8 tiles from file "artnem/S2 Level Select Font.nem", using compression Nemesis...
Loading plane mappings from file "tilemaps/S2 Level Select.eni", using compression Enigma...
Loading palette file "palette/Level Select (S2).bin"...
Source: 0 Destination: 0 Length: 64
System.AggregateException: One or more errors occurred. ---> System.FormatException: Invalid text mapping string.
   at SonicRetro.SonLVL.SonPLN.TextMapping..ctor(String map) in C:\Programs\SonLVL\SonPLN\GameInfo.cs:line 150
   at SonicRetro.SonLVL.SonPLN.MainForm.ProcessTextMapping() in C:\Programs\SonLVL\SonPLN\MainForm.cs:line 472
   at System.Threading.Tasks.Task.InnerInvoke()
   at System.Threading.Tasks.Task.Execute()
   --- End of inner exception stack trace ---
   at System.Threading.Tasks.Task.FastWaitAll(Task[] tasks)
   at System.Threading.Tasks.Parallel.Invoke(ParallelOptions parallelOptions, Action[] actions)
   at System.Threading.Tasks.Parallel.Invoke(Action[] actions)
   at SonicRetro.SonLVL.SonPLN.MainForm.backgroundLevelLoader_DoWork(Object sender, DoWorkEventArgs e) in C:\Programs\SonLVL\SonPLN\MainForm.cs:line 323
---> (Inner Exception #0) System.FormatException: Invalid text mapping string.
   at SonicRetro.SonLVL.SonPLN.TextMapping..ctor(String map) in C:\Programs\SonLVL\SonPLN\GameInfo.cs:line 150
   at SonicRetro.SonLVL.SonPLN.MainForm.ProcessTextMapping() in C:\Programs\SonLVL\SonPLN\MainForm.cs:line 472
   at System.Threading.Tasks.Task.InnerInvoke()
   at System.Threading.Tasks.Task.Execute()<---

